Determining if the Q_WS_X11 exist failed with the following output:
Change Dir: /Users/kail/imClever/dev/newRoadmap/xcode/CMakeFiles/CMakeTmp

Run Build Command:/usr/local/Cellar/cmake/2.8.8/bin/cmakexbuild -project CMAKE_TRY_COMPILE.xcodeproj build -target cmTryCompileExec2301428547 -configuration Debug
** BUILD FAILED **

The following build commands failed:
cmTryCompileExec2301428547:
	CompileC CMAKE_TRY_COMPILE.build/Debug/cmTryCompileExec2301428547.build/Objects-normal/i386/CheckSymbolExists.o /Users/kail/imClever/dev/newRoadmap/xcode/CMakeFiles/CMakeTmp/CheckSymbolExists.cxx normal i386 c++ com.apple.compilers.gcc.4_0
(1 failure)

=== BUILDING NATIVE TARGET cmTryCompileExec2301428547 OF PROJECT CMAKE_TRY_COMPILE WITH CONFIGURATION Debug ===

Checking Dependencies...

CompileC CMAKE_TRY_COMPILE.build/Debug/cmTryCompileExec2301428547.build/Objects-normal/i386/CheckSymbolExists.o /Users/kail/imClever/dev/newRoadmap/xcode/CMakeFiles/CMakeTmp/CheckSymbolExists.cxx normal i386 c++ com.apple.compilers.gcc.4_0
    cd /Users/kail/imClever/dev/newRoadmap/xcode/CMakeFiles/CMakeTmp
    /Developer/usr/bin/gcc-4.0 -x c++ -arch i386 -fmessage-length=0 -pipe -Wno-trigraphs -fpascal-strings -fasm-blocks -O0 -mdynamic-no-pic -DCMAKE_INTDIR="Debug" -isysroot /Developer/SDKs/MacOSX10.5.sdk -mmacosx-version-min=10.5 -Wmost -Wno-four-char-constants -Wno-unknown-pragmas -F/Users/kail/imClever/dev/newRoadmap/xcode/CMakeFiles/CMakeTmp/Debug -F/Developer/SDKs/MacOSX10.5.sdk/Library/Frameworks -I/Users/kail/imClever/dev/newRoadmap/xcode/CMakeFiles/CMakeTmp/Debug/include -I/Users/kail/imClever/dev/newRoadmap/xcode/CMakeFiles/CMakeTmp/CMAKE_TRY_COMPILE.build/Debug/cmTryCompileExec2301428547.build/DerivedSources/i386 -I/Users/kail/imClever/dev/newRoadmap/xcode/CMakeFiles/CMakeTmp/CMAKE_TRY_COMPILE.build/Debug/cmTryCompileExec2301428547.build/DerivedSources -g -c /Users/kail/imClever/dev/newRoadmap/xcode/CMakeFiles/CMakeTmp/CheckSymbolExists.cxx -o /Users/kail/imClever/dev/newRoadmap/xcode/CMakeFiles/CMakeTmp/CMAKE_TRY_COMPILE.build/Debug/cmTryCompileExec2301428547.build/Objects-normal/i386/CheckSymbolExists.o
/Users/kail/imClever/dev/newRoadmap/xcode/CMakeFiles/CMakeTmp/CheckSymbolExists.cxx: In function ‘int main(int, char**)’:
/Users/kail/imClever/dev/newRoadmap/xcode/CMakeFiles/CMakeTmp/CheckSymbolExists.cxx:8: error: ‘Q_WS_X11’ was not declared in this scope

PhaseScriptExecution /Users/kail/imClever/dev/newRoadmap/xcode/CMakeFiles/CMakeTmp/CMAKE_TRY_COMPILE.build/Debug/cmTryCompileExec2301428547.build/Script-2680E66BEBC04418888518B8.sh
    cd /Users/kail/imClever/dev/newRoadmap/xcode/CMakeFiles/CMakeTmp
    /bin/sh -c /Users/kail/imClever/dev/newRoadmap/xcode/CMakeFiles/CMakeTmp/CMAKE_TRY_COMPILE.build/Debug/cmTryCompileExec2301428547.build/Script-2680E66BEBC04418888518B8.sh
echo "Depend check for xcode"
Depend check for xcode
cd /Users/kail/imClever/dev/newRoadmap/xcode/CMakeFiles/CMakeTmp && make -C /Users/kail/imClever/dev/newRoadmap/xcode/CMakeFiles/CMakeTmp -f /Users/kail/imClever/dev/newRoadmap/xcode/CMakeFiles/CMakeTmp/CMakeScripts/XCODE_DEPEND_HELPER.make PostBuild.cmTryCompileExec2301428547.Debug
make[1]: Nothing to be done for `PostBuild.cmTryCompileExec2301428547.Debug'.

File /Users/kail/imClever/dev/newRoadmap/xcode/CMakeFiles/CMakeTmp/CheckSymbolExists.cxx:
/* */
#include <QtCore/qglobal.h>

int main(int argc, char** argv)
{
  (void)argv;
#ifndef Q_WS_X11
  return ((int*)(&Q_WS_X11))[argc];
#else
  (void)argc;
  return 0;
#endif
}

Determining if the Q_WS_WIN exist failed with the following output:
Change Dir: /Users/kail/imClever/dev/newRoadmap/xcode/CMakeFiles/CMakeTmp

Run Build Command:/usr/local/Cellar/cmake/2.8.8/bin/cmakexbuild -project CMAKE_TRY_COMPILE.xcodeproj build -target cmTryCompileExec2099584627 -configuration Debug
** BUILD FAILED **

The following build commands failed:
cmTryCompileExec2099584627:
	CompileC CMAKE_TRY_COMPILE.build/Debug/cmTryCompileExec2099584627.build/Objects-normal/i386/CheckSymbolExists.o /Users/kail/imClever/dev/newRoadmap/xcode/CMakeFiles/CMakeTmp/CheckSymbolExists.cxx normal i386 c++ com.apple.compilers.gcc.4_0
(1 failure)

=== BUILDING NATIVE TARGET cmTryCompileExec2099584627 OF PROJECT CMAKE_TRY_COMPILE WITH CONFIGURATION Debug ===

Checking Dependencies...

CompileC CMAKE_TRY_COMPILE.build/Debug/cmTryCompileExec2099584627.build/Objects-normal/i386/CheckSymbolExists.o /Users/kail/imClever/dev/newRoadmap/xcode/CMakeFiles/CMakeTmp/CheckSymbolExists.cxx normal i386 c++ com.apple.compilers.gcc.4_0
    cd /Users/kail/imClever/dev/newRoadmap/xcode/CMakeFiles/CMakeTmp
    /Developer/usr/bin/gcc-4.0 -x c++ -arch i386 -fmessage-length=0 -pipe -Wno-trigraphs -fpascal-strings -fasm-blocks -O0 -mdynamic-no-pic -DCMAKE_INTDIR="Debug" -isysroot /Developer/SDKs/MacOSX10.5.sdk -mmacosx-version-min=10.5 -Wmost -Wno-four-char-constants -Wno-unknown-pragmas -F/Users/kail/imClever/dev/newRoadmap/xcode/CMakeFiles/CMakeTmp/Debug -F/Developer/SDKs/MacOSX10.5.sdk/Library/Frameworks -I/Users/kail/imClever/dev/newRoadmap/xcode/CMakeFiles/CMakeTmp/Debug/include -I/Users/kail/imClever/dev/newRoadmap/xcode/CMakeFiles/CMakeTmp/CMAKE_TRY_COMPILE.build/Debug/cmTryCompileExec2099584627.build/DerivedSources/i386 -I/Users/kail/imClever/dev/newRoadmap/xcode/CMakeFiles/CMakeTmp/CMAKE_TRY_COMPILE.build/Debug/cmTryCompileExec2099584627.build/DerivedSources -g -c /Users/kail/imClever/dev/newRoadmap/xcode/CMakeFiles/CMakeTmp/CheckSymbolExists.cxx -o /Users/kail/imClever/dev/newRoadmap/xcode/CMakeFiles/CMakeTmp/CMAKE_TRY_COMPILE.build/Debug/cmTryCompileExec2099584627.build/Objects-normal/i386/CheckSymbolExists.o
/Users/kail/imClever/dev/newRoadmap/xcode/CMakeFiles/CMakeTmp/CheckSymbolExists.cxx: In function ‘int main(int, char**)’:
/Users/kail/imClever/dev/newRoadmap/xcode/CMakeFiles/CMakeTmp/CheckSymbolExists.cxx:8: error: ‘Q_WS_WIN’ was not declared in this scope

PhaseScriptExecution /Users/kail/imClever/dev/newRoadmap/xcode/CMakeFiles/CMakeTmp/CMAKE_TRY_COMPILE.build/Debug/cmTryCompileExec2099584627.build/Script-B8BB5D9C4E6E43E7A721CA1E.sh
    cd /Users/kail/imClever/dev/newRoadmap/xcode/CMakeFiles/CMakeTmp
    /bin/sh -c /Users/kail/imClever/dev/newRoadmap/xcode/CMakeFiles/CMakeTmp/CMAKE_TRY_COMPILE.build/Debug/cmTryCompileExec2099584627.build/Script-B8BB5D9C4E6E43E7A721CA1E.sh
echo "Depend check for xcode"
Depend check for xcode
cd /Users/kail/imClever/dev/newRoadmap/xcode/CMakeFiles/CMakeTmp && make -C /Users/kail/imClever/dev/newRoadmap/xcode/CMakeFiles/CMakeTmp -f /Users/kail/imClever/dev/newRoadmap/xcode/CMakeFiles/CMakeTmp/CMakeScripts/XCODE_DEPEND_HELPER.make PostBuild.cmTryCompileExec2099584627.Debug
make[1]: Nothing to be done for `PostBuild.cmTryCompileExec2099584627.Debug'.

File /Users/kail/imClever/dev/newRoadmap/xcode/CMakeFiles/CMakeTmp/CheckSymbolExists.cxx:
/* */
#include <QtCore/qglobal.h>

int main(int argc, char** argv)
{
  (void)argv;
#ifndef Q_WS_WIN
  return ((int*)(&Q_WS_WIN))[argc];
#else
  (void)argc;
  return 0;
#endif
}

Determining if the Q_WS_QWS exist failed with the following output:
Change Dir: /Users/kail/imClever/dev/newRoadmap/xcode/CMakeFiles/CMakeTmp

Run Build Command:/usr/local/Cellar/cmake/2.8.8/bin/cmakexbuild -project CMAKE_TRY_COMPILE.xcodeproj build -target cmTryCompileExec564698160 -configuration Debug
** BUILD FAILED **

The following build commands failed:
cmTryCompileExec564698160:
	CompileC CMAKE_TRY_COMPILE.build/Debug/cmTryCompileExec564698160.build/Objects-normal/i386/CheckSymbolExists.o /Users/kail/imClever/dev/newRoadmap/xcode/CMakeFiles/CMakeTmp/CheckSymbolExists.cxx normal i386 c++ com.apple.compilers.gcc.4_0
(1 failure)

=== BUILDING NATIVE TARGET cmTryCompileExec564698160 OF PROJECT CMAKE_TRY_COMPILE WITH CONFIGURATION Debug ===

Checking Dependencies...

CompileC CMAKE_TRY_COMPILE.build/Debug/cmTryCompileExec564698160.build/Objects-normal/i386/CheckSymbolExists.o /Users/kail/imClever/dev/newRoadmap/xcode/CMakeFiles/CMakeTmp/CheckSymbolExists.cxx normal i386 c++ com.apple.compilers.gcc.4_0
    cd /Users/kail/imClever/dev/newRoadmap/xcode/CMakeFiles/CMakeTmp
    /Developer/usr/bin/gcc-4.0 -x c++ -arch i386 -fmessage-length=0 -pipe -Wno-trigraphs -fpascal-strings -fasm-blocks -O0 -mdynamic-no-pic -DCMAKE_INTDIR="Debug" -isysroot /Developer/SDKs/MacOSX10.5.sdk -mmacosx-version-min=10.5 -Wmost -Wno-four-char-constants -Wno-unknown-pragmas -F/Users/kail/imClever/dev/newRoadmap/xcode/CMakeFiles/CMakeTmp/Debug -F/Developer/SDKs/MacOSX10.5.sdk/Library/Frameworks -I/Users/kail/imClever/dev/newRoadmap/xcode/CMakeFiles/CMakeTmp/Debug/include -I/Users/kail/imClever/dev/newRoadmap/xcode/CMakeFiles/CMakeTmp/CMAKE_TRY_COMPILE.build/Debug/cmTryCompileExec564698160.build/DerivedSources/i386 -I/Users/kail/imClever/dev/newRoadmap/xcode/CMakeFiles/CMakeTmp/CMAKE_TRY_COMPILE.build/Debug/cmTryCompileExec564698160.build/DerivedSources -g -c /Users/kail/imClever/dev/newRoadmap/xcode/CMakeFiles/CMakeTmp/CheckSymbolExists.cxx -o /Users/kail/imClever/dev/newRoadmap/xcode/CMakeFiles/CMakeTmp/CMAKE_TRY_COMPILE.build/Debug/cmTryCompileExec564698160.build/Objects-normal/i386/CheckSymbolExists.o
/Users/kail/imClever/dev/newRoadmap/xcode/CMakeFiles/CMakeTmp/CheckSymbolExists.cxx: In function ‘int main(int, char**)’:
/Users/kail/imClever/dev/newRoadmap/xcode/CMakeFiles/CMakeTmp/CheckSymbolExists.cxx:8: error: ‘Q_WS_QWS’ was not declared in this scope

PhaseScriptExecution /Users/kail/imClever/dev/newRoadmap/xcode/CMakeFiles/CMakeTmp/CMAKE_TRY_COMPILE.build/Debug/cmTryCompileExec564698160.build/Script-0B324484D7DC45BAA270DA8C.sh
    cd /Users/kail/imClever/dev/newRoadmap/xcode/CMakeFiles/CMakeTmp
    /bin/sh -c /Users/kail/imClever/dev/newRoadmap/xcode/CMakeFiles/CMakeTmp/CMAKE_TRY_COMPILE.build/Debug/cmTryCompileExec564698160.build/Script-0B324484D7DC45BAA270DA8C.sh
echo "Depend check for xcode"
Depend check for xcode
cd /Users/kail/imClever/dev/newRoadmap/xcode/CMakeFiles/CMakeTmp && make -C /Users/kail/imClever/dev/newRoadmap/xcode/CMakeFiles/CMakeTmp -f /Users/kail/imClever/dev/newRoadmap/xcode/CMakeFiles/CMakeTmp/CMakeScripts/XCODE_DEPEND_HELPER.make PostBuild.cmTryCompileExec564698160.Debug
make[1]: Nothing to be done for `PostBuild.cmTryCompileExec564698160.Debug'.

File /Users/kail/imClever/dev/newRoadmap/xcode/CMakeFiles/CMakeTmp/CheckSymbolExists.cxx:
/* */
#include <QtCore/qglobal.h>

int main(int argc, char** argv)
{
  (void)argv;
#ifndef Q_WS_QWS
  return ((int*)(&Q_WS_QWS))[argc];
#else
  (void)argc;
  return 0;
#endif
}

Determining if the QT_MAC_USE_COCOA exist failed with the following output:
Change Dir: /Users/kail/imClever/dev/newRoadmap/xcode/CMakeFiles/CMakeTmp

Run Build Command:/usr/local/Cellar/cmake/2.8.8/bin/cmakexbuild -project CMAKE_TRY_COMPILE.xcodeproj build -target cmTryCompileExec4239706123 -configuration Debug
** BUILD FAILED **

The following build commands failed:
cmTryCompileExec4239706123:
	CompileC CMAKE_TRY_COMPILE.build/Debug/cmTryCompileExec4239706123.build/Objects-normal/i386/CheckSymbolExists.o /Users/kail/imClever/dev/newRoadmap/xcode/CMakeFiles/CMakeTmp/CheckSymbolExists.cxx normal i386 c++ com.apple.compilers.gcc.4_0
(1 failure)

=== BUILDING NATIVE TARGET cmTryCompileExec4239706123 OF PROJECT CMAKE_TRY_COMPILE WITH CONFIGURATION Debug ===

Checking Dependencies...

CompileC CMAKE_TRY_COMPILE.build/Debug/cmTryCompileExec4239706123.build/Objects-normal/i386/CheckSymbolExists.o /Users/kail/imClever/dev/newRoadmap/xcode/CMakeFiles/CMakeTmp/CheckSymbolExists.cxx normal i386 c++ com.apple.compilers.gcc.4_0
    cd /Users/kail/imClever/dev/newRoadmap/xcode/CMakeFiles/CMakeTmp
    /Developer/usr/bin/gcc-4.0 -x c++ -arch i386 -fmessage-length=0 -pipe -Wno-trigraphs -fpascal-strings -fasm-blocks -O0 -mdynamic-no-pic -DCMAKE_INTDIR="Debug" -isysroot /Developer/SDKs/MacOSX10.5.sdk -mmacosx-version-min=10.5 -Wmost -Wno-four-char-constants -Wno-unknown-pragmas -F/Users/kail/imClever/dev/newRoadmap/xcode/CMakeFiles/CMakeTmp/Debug -F/Developer/SDKs/MacOSX10.5.sdk/Library/Frameworks -I/Users/kail/imClever/dev/newRoadmap/xcode/CMakeFiles/CMakeTmp/Debug/include -I/Users/kail/imClever/dev/newRoadmap/xcode/CMakeFiles/CMakeTmp/CMAKE_TRY_COMPILE.build/Debug/cmTryCompileExec4239706123.build/DerivedSources/i386 -I/Users/kail/imClever/dev/newRoadmap/xcode/CMakeFiles/CMakeTmp/CMAKE_TRY_COMPILE.build/Debug/cmTryCompileExec4239706123.build/DerivedSources -g -c /Users/kail/imClever/dev/newRoadmap/xcode/CMakeFiles/CMakeTmp/CheckSymbolExists.cxx -o /Users/kail/imClever/dev/newRoadmap/xcode/CMakeFiles/CMakeTmp/CMAKE_TRY_COMPILE.build/Debug/cmTryCompileExec4239706123.build/Objects-normal/i386/CheckSymbolExists.o
/Users/kail/imClever/dev/newRoadmap/xcode/CMakeFiles/CMakeTmp/CheckSymbolExists.cxx: In function ‘int main(int, char**)’:
/Users/kail/imClever/dev/newRoadmap/xcode/CMakeFiles/CMakeTmp/CheckSymbolExists.cxx:8: error: ‘QT_MAC_USE_COCOA’ was not declared in this scope

PhaseScriptExecution /Users/kail/imClever/dev/newRoadmap/xcode/CMakeFiles/CMakeTmp/CMAKE_TRY_COMPILE.build/Debug/cmTryCompileExec4239706123.build/Script-CAD4E91964684C2E934AA603.sh
    cd /Users/kail/imClever/dev/newRoadmap/xcode/CMakeFiles/CMakeTmp
    /bin/sh -c /Users/kail/imClever/dev/newRoadmap/xcode/CMakeFiles/CMakeTmp/CMAKE_TRY_COMPILE.build/Debug/cmTryCompileExec4239706123.build/Script-CAD4E91964684C2E934AA603.sh
echo "Depend check for xcode"
Depend check for xcode
cd /Users/kail/imClever/dev/newRoadmap/xcode/CMakeFiles/CMakeTmp && make -C /Users/kail/imClever/dev/newRoadmap/xcode/CMakeFiles/CMakeTmp -f /Users/kail/imClever/dev/newRoadmap/xcode/CMakeFiles/CMakeTmp/CMakeScripts/XCODE_DEPEND_HELPER.make PostBuild.cmTryCompileExec4239706123.Debug
make[1]: Nothing to be done for `PostBuild.cmTryCompileExec4239706123.Debug'.

File /Users/kail/imClever/dev/newRoadmap/xcode/CMakeFiles/CMakeTmp/CheckSymbolExists.cxx:
/* */
#include <QtCore/qconfig.h>

int main(int argc, char** argv)
{
  (void)argv;
#ifndef QT_MAC_USE_COCOA
  return ((int*)(&QT_MAC_USE_COCOA))[argc];
#else
  (void)argc;
  return 0;
#endif
}

